============== Team XOSP presents ==============
========== XOSP for hammerhead ==============
PLATFORM_VERSION_CODENAME=REL
PLATFORM_VERSION=6.0.1
XOSP_MODVERSION=XOSP-6.3-FINAL-MM-OFFICIAL-20160717-hammerhead
XOSP_RELEASE =RL6
XOSP_REVISION =3
TARGET_PRODUCT=xosp_hammerhead
TARGET_BUILD_VARIANT=userdebug
TARGET_BUILD_TYPE=release
TARGET_BUILD_APPS=
TARGET_ARCH=arm
TARGET_ARCH_VARIANT=armv7-a-neon
TARGET_CPU_VARIANT=krait
TARGET_2ND_ARCH=
TARGET_2ND_ARCH_VARIANT=
TARGET_2ND_CPU_VARIANT=
HOST_ARCH=x86_64
HOST_OS=linux
HOST_OS_EXTRA=Linux-3.16.0-4-amd64-x86_64-with-debian-8.5
HOST_BUILD_TYPE=release
BUILD_ID=MOB30R
OUT_DIR=/home/calin/XOSP/out
======================================================
Checking build tools versions...
"ebtables is disabled on this build"
PRODUCT_COPY_FILES device/lge/hammerhead/apns-full-conf.xml:system/etc/apns-conf.xml ignored.
PRODUCT_COPY_FILES frameworks/base/data/sounds/effects/ogg/Dock.ogg:system/media/audio/ui/Dock.ogg ignored.
PRODUCT_COPY_FILES frameworks/base/data/sounds/effects/ogg/Effect_Tick_48k.ogg:system/media/audio/ui/Effect_Tick.ogg ignored.
PRODUCT_COPY_FILES frameworks/base/data/sounds/effects/ogg/KeypressDelete_120_48k.ogg:system/media/audio/ui/KeypressDelete.ogg ignored.
PRODUCT_COPY_FILES frameworks/base/data/sounds/effects/ogg/KeypressReturn_120_48k.ogg:system/media/audio/ui/KeypressReturn.ogg ignored.
PRODUCT_COPY_FILES frameworks/base/data/sounds/effects/ogg/KeypressSpacebar_120_48k.ogg:system/media/audio/ui/KeypressSpacebar.ogg ignored.
PRODUCT_COPY_FILES frameworks/base/data/sounds/effects/ogg/KeypressStandard_120_48k.ogg:system/media/audio/ui/KeypressStandard.ogg ignored.
PRODUCT_COPY_FILES frameworks/base/data/sounds/effects/ogg/KeypressInvalid_120_48k.ogg:system/media/audio/ui/KeypressInvalid.ogg ignored.
PRODUCT_COPY_FILES frameworks/base/data/sounds/effects/ogg/Lock.ogg:system/media/audio/ui/Lock.ogg ignored.
PRODUCT_COPY_FILES frameworks/base/data/sounds/effects/ogg/LowBattery.ogg:system/media/audio/ui/LowBattery.ogg ignored.
PRODUCT_COPY_FILES frameworks/base/data/sounds/effects/ogg/Undock.ogg:system/media/audio/ui/Undock.ogg ignored.
PRODUCT_COPY_FILES frameworks/base/data/sounds/effects/ogg/Unlock.ogg:system/media/audio/ui/Unlock.ogg ignored.
PRODUCT_COPY_FILES frameworks/base/data/sounds/effects/ogg/Trusted_48k.ogg:system/media/audio/ui/Trusted.ogg ignored.
PRODUCT_COPY_FILES frameworks/base/data/sounds/effects/ogg/VideoRecord_48k.ogg:system/media/audio/ui/VideoRecord.ogg ignored.
PRODUCT_COPY_FILES frameworks/base/data/sounds/effects/ogg/camera_focus.ogg:system/media/audio/ui/camera_focus.ogg ignored.
PRODUCT_COPY_FILES frameworks/base/data/sounds/effects/ogg/camera_click_48k.ogg:system/media/audio/ui/camera_click.ogg ignored.
PRODUCT_COPY_FILES vendor/lge/hammerhead/proprietary/vendor/firmware/bcm4335c0.hcd:system/vendor/firmware/bcm4335c0.hcd ignored.
No private recovery resources for TARGET_DEVICE hammerhead
[36mExport includes file:[0m external/libcxx/Android.mk -- /home/calin/XOSP/out/host/linux-x86/obj/SHARED_LIBRARIES/libc++_intermediates/export_includes
[36mExport includes file:[0m system/core/libmincrypt/Android.mk -- /home/calin/XOSP/out/host/linux-x86/obj/STATIC_LIBRARIES/libmincrypt_intermediates/export_includes
[36mExport includes file:[0m external/compiler-rt/Android.mk -- /home/calin/XOSP/out/host/linux-x86/obj/STATIC_LIBRARIES/libcompiler_rt-extras_intermediates/export_includes
Header: /home/calin/XOSP/out/target/product/hammerhead/obj/include/mm-camera-interface/cam_intf.h
Header: /home/calin/XOSP/out/target/product/hammerhead/obj/include/mm-camera-interface/cam_types.h
Header: /home/calin/XOSP/out/host/linux-x86/obj/include/libexpat/expat.h
Header: /home/calin/XOSP/out/host/linux-x86/obj/include/libexpat/expat_external.h
Header: /home/calin/XOSP/out/target/product/hammerhead/obj/include/libexpat/expat.h
Header: /home/calin/XOSP/out/target/product/hammerhead/obj/include/libexpat/expat_external.h
Header: /home/calin/XOSP/out/target/product/hammerhead/obj/include/libjson/inc/bits.h
Header: /home/calin/XOSP/out/target/product/hammerhead/obj/include/libjson/inc/config.h
Header: /home/calin/XOSP/out/target/product/hammerhead/obj/include/libjson/inc/debug.h
Header: /home/calin/XOSP/out/target/product/hammerhead/obj/include/libjson/inc/linkhash.h
Header: /home/calin/XOSP/out/target/product/hammerhead/obj/include/libjson/inc/arraylist.h
Header: /home/calin/XOSP/out/target/product/hammerhead/obj/include/libjson/inc/json.h
Header: /home/calin/XOSP/out/target/product/hammerhead/obj/include/libjson/inc/json_config.h
Header: /home/calin/XOSP/out/target/product/hammerhead/obj/include/libjson/inc/json_inttypes.h
Header: /home/calin/XOSP/out/target/product/hammerhead/obj/include/libjson/inc/json_util.h
Header: /home/calin/XOSP/out/target/product/hammerhead/obj/include/libjson/inc/json_object.h
Header: /home/calin/XOSP/out/target/product/hammerhead/obj/include/libjson/inc/json_tokener.h
Header: /home/calin/XOSP/out/target/product/hammerhead/obj/include/libjson/inc/json_object_iterator.h
Header: /home/calin/XOSP/out/target/product/hammerhead/obj/include/libjson/inc/json_c_version.h
Header: /home/calin/XOSP/out/target/product/hammerhead/obj/include/libdrm/xf86drm.h
Header: /home/calin/XOSP/out/target/product/hammerhead/obj/include/libdrm/xf86drmMode.h
Header: /home/calin/XOSP/out/target/product/hammerhead/obj/include/libdrm/drm.h
Header: /home/calin/XOSP/out/target/product/hammerhead/obj/include/libdrm/drm_fourcc.h
Header: /home/calin/XOSP/out/target/product/hammerhead/obj/include/libdrm/drm_mode.h
Header: /home/calin/XOSP/out/target/product/hammerhead/obj/include/libdrm/drm_sarea.h
Header: /home/calin/XOSP/out/target/product/hammerhead/obj/include/libdrm/i915_drm.h
Header: /home/calin/XOSP/out/target/product/hammerhead/obj/include/libdrm/mach64_drm.h
Header: /home/calin/XOSP/out/target/product/hammerhead/obj/include/libdrm/mga_drm.h
Header: /home/calin/XOSP/out/target/product/hammerhead/obj/include/libdrm/nouveau_drm.h
Header: /home/calin/XOSP/out/target/product/hammerhead/obj/include/libdrm/qxl_drm.h
Header: /home/calin/XOSP/out/target/product/hammerhead/obj/include/libdrm/r128_drm.h
Header: /home/calin/XOSP/out/target/product/hammerhead/obj/include/libdrm/radeon_drm.h
Header: /home/calin/XOSP/out/target/product/hammerhead/obj/include/libdrm/savage_drm.h
Header: /home/calin/XOSP/out/target/product/hammerhead/obj/include/libdrm/sis_drm.h
Header: /home/calin/XOSP/out/target/product/hammerhead/obj/include/libdrm/tegra_drm.h
Header: /home/calin/XOSP/out/target/product/hammerhead/obj/include/libdrm/via_drm.h
Header: /home/calin/XOSP/out/target/product/hammerhead/obj/include/libdrm/vmwgfx_drm.h
Header: /home/calin/XOSP/out/target/product/hammerhead/obj/include/libdrm/nouveau.h
Header: /home/calin/XOSP/out/target/product/hammerhead/obj/include/libdrm/radeon_bo.h
Header: /home/calin/XOSP/out/target/product/hammerhead/obj/include/libdrm/radeon_cs.h
Header: /home/calin/XOSP/out/target/product/hammerhead/obj/include/libdrm/radeon_surface.h
Header: /home/calin/XOSP/out/target/product/hammerhead/obj/include/libdrm/radeon_bo_gem.h
Header: /home/calin/XOSP/out/target/product/hammerhead/obj/include/libdrm/radeon_cs_gem.h
Header: /home/calin/XOSP/out/target/product/hammerhead/obj/include/libdrm/radeon_bo_int.h
Header: /home/calin/XOSP/out/target/product/hammerhead/obj/include/libdrm/radeon_cs_int.h
Header: /home/calin/XOSP/out/target/product/hammerhead/obj/include/libdrm/r600_pci_ids.h
Header: /home/calin/XOSP/out/target/product/hammerhead/obj/include/libdrm/rockchip_drm.h
Header: /home/calin/XOSP/out/target/product/hammerhead/obj/include/libdrm/rockchip_drmif.h
Header: /home/calin/XOSP/out/target/product/hammerhead/obj/include/libdrm/tegra.h
Header: /home/calin/XOSP/out/target/product/hammerhead/obj/include/libdrm/libkms.h
Header: /home/calin/XOSP/out/target/product/hammerhead/obj/include/selinux/selinux.h
Header: /home/calin/XOSP/out/target/product/hammerhead/obj/include/selinux/label.h
Header: /home/calin/XOSP/out/target/product/hammerhead/obj/include/selinux/context.h
Header: /home/calin/XOSP/out/target/product/hammerhead/obj/include/selinux/avc.h
Header: /home/calin/XOSP/out/target/product/hammerhead/obj/include/selinux/android.h
Header: /home/calin/XOSP/out/host/linux-x86/obj/include/selinux/selinux.h
Header: /home/calin/XOSP/out/host/linux-x86/obj/include/selinux/label.h
Header: /home/calin/XOSP/out/host/linux-x86/obj/include/selinux/context.h
Header: /home/calin/XOSP/out/host/linux-x86/obj/include/selinux/avc.h
Header: /home/calin/XOSP/out/host/linux-x86/obj/include/selinux/android.h
Header: /home/calin/XOSP/out/target/product/hammerhead/obj/include/parameter/ParameterMgrLoggerForward.h
Header: /home/calin/XOSP/out/target/product/hammerhead/obj/include/parameter/ParameterMgrPlatformConnector.h
Header: /home/calin/XOSP/out/target/product/hammerhead/obj/include/parameter/ParameterMgrFullConnector.h
Header: /home/calin/XOSP/out/target/product/hammerhead/obj/include/parameter/SelectionCriterionTypeInterface.h
Header: /home/calin/XOSP/out/target/product/hammerhead/obj/include/parameter/SelectionCriterionInterface.h
Header: /home/calin/XOSP/out/target/product/hammerhead/obj/include/parameter/ParameterHandle.h
Header: /home/calin/XOSP/out/host/linux-x86/obj/include/parameter/ParameterMgrLoggerForward.h
Header: /home/calin/XOSP/out/host/linux-x86/obj/include/parameter/ParameterMgrPlatformConnector.h
Header: /home/calin/XOSP/out/host/linux-x86/obj/include/parameter/ParameterMgrFullConnector.h
Header: /home/calin/XOSP/out/host/linux-x86/obj/include/parameter/SelectionCriterionTypeInterface.h
Header: /home/calin/XOSP/out/host/linux-x86/obj/include/parameter/SelectionCriterionInterface.h
Header: /home/calin/XOSP/out/host/linux-x86/obj/include/parameter/ParameterHandle.h
Header: /home/calin/XOSP/out/target/product/hammerhead/obj/include/protobuf-c/include/google/protobuf-c//protobuf-c.h
Header: /home/calin/XOSP/out/target/product/hammerhead/obj/include/protobuf-c/include/google/protobuf-c//protobuf-c-private.h
Header: /home/calin/XOSP/out/host/linux-x86/obj/include/sepol/handle.h
Header: /home/calin/XOSP/out/host/linux-x86/obj/include/sepol/policydb.h
Header: /home/calin/XOSP/out/host/linux-x86/obj/include/sepol/cil.h
Header: /home/calin/XOSP/out/target/product/hammerhead/obj/include/libsonivox/eas.h
Header: /home/calin/XOSP/out/target/product/hammerhead/obj/include/libsonivox/eas_types.h
Header: /home/calin/XOSP/out/target/product/hammerhead/obj/include/libsonivox/eas_reverb.h
Header: /home/calin/XOSP/out/target/product/hammerhead/obj/include/libsonivox/jet.h
Header: /home/calin/XOSP/out/target/product/hammerhead/obj/include/libsonivox/ARM_synth_constants_gnu.inc
Header: /home/calin/XOSP/out/target/product/hammerhead/obj/include/libwpa_client/wpa_ctrl.h
Header: /home/calin/XOSP/out/target/product/hammerhead/obj/include/libwpa_client/qca-vendor.h
Header: /home/calin/XOSP/out/target/product/hammerhead/obj/include/media_resource_manager/MediaResourceArbitrator.h
Header: /home/calin/XOSP/out/target/product/hammerhead/obj/include/media_resource_manager/OMX_adaptor.h
Header: /home/calin/XOSP/out/target/product/hammerhead/obj/include/mm-audio/audio_defs.h
Header: /home/calin/XOSP/out/target/product/hammerhead/obj/include/qcom/display/gralloc_priv.h
Header: /home/calin/XOSP/out/target/product/hammerhead/obj/include/qcom/display/copybit.h
Header: /home/calin/XOSP/out/target/product/hammerhead/obj/include/qcom/display/copybit_priv.h
Header: /home/calin/XOSP/out/target/product/hammerhead/obj/include/qcom/display/c2d2.h
Header: /home/calin/XOSP/out/target/product/hammerhead/obj/include/qcom/display/qdMetaData.h
Header: /home/calin/XOSP/out/target/product/hammerhead/obj/include/qcom/display/IQService.h
Header: /home/calin/XOSP/out/target/product/hammerhead/obj/include/qcom/display/IQClient.h
Header: /home/calin/XOSP/out/target/product/hammerhead/obj/include/libloc_core//MsgTask.h
Header: /home/calin/XOSP/out/target/product/hammerhead/obj/include/libloc_core//LocApiBase.h
Header: /home/calin/XOSP/out/target/product/hammerhead/obj/include/libloc_core//LocAdapterBase.h
Header: /home/calin/XOSP/out/target/product/hammerhead/obj/include/libloc_core//ContextBase.h
Header: /home/calin/XOSP/out/target/product/hammerhead/obj/include/libloc_core//LocDualContext.h
Header: /home/calin/XOSP/out/target/product/hammerhead/obj/include/libloc_core//LBSProxyBase.h
Header: /home/calin/XOSP/out/target/product/hammerhead/obj/include/libloc_core//UlpProxyBase.h
Header: /home/calin/XOSP/out/target/product/hammerhead/obj/include/libloc_core//gps_extended_c.h
Header: /home/calin/XOSP/out/target/product/hammerhead/obj/include/libloc_core//gps_extended.h
Header: /home/calin/XOSP/out/target/product/hammerhead/obj/include/libloc_core//loc_core_log.h
Header: /home/calin/XOSP/out/target/product/hammerhead/obj/include/libloc_core//LocAdapterProxyBase.h
Header: /home/calin/XOSP/out/target/product/hammerhead/obj/include/gps.utils//loc_log.h
Header: /home/calin/XOSP/out/target/product/hammerhead/obj/include/gps.utils//loc_cfg.h
Header: /home/calin/XOSP/out/target/product/hammerhead/obj/include/gps.utils//log_util.h
Header: /home/calin/XOSP/out/target/product/hammerhead/obj/include/gps.utils//linked_list.h
Header: /home/calin/XOSP/out/target/product/hammerhead/obj/include/gps.utils//msg_q.h
Header: /home/calin/XOSP/out/target/product/hammerhead/obj/include/gps.utils//loc_target.h
Header: /home/calin/XOSP/out/target/product/hammerhead/obj/include/gps.utils//loc_timer.h
Header: /home/calin/XOSP/out/target/product/hammerhead/obj/include/gps.utils//platform_lib_includes.h
Header: /home/calin/XOSP/out/target/product/hammerhead/obj/include/gps.utils//platform_lib_time.h
Header: /home/calin/XOSP/out/target/product/hammerhead/obj/include/gps.utils//platform_lib_macros.h
Header: /home/calin/XOSP/out/target/product/hammerhead/obj/include/gps.utils//loc_misc_utils.h
Header: /home/calin/XOSP/out/target/product/hammerhead/obj/include/libloc_eng//LocEngAdapter.h
Header: /home/calin/XOSP/out/target/product/hammerhead/obj/include/libloc_eng//loc.h
Header: /home/calin/XOSP/out/target/product/hammerhead/obj/include/libloc_eng//loc_eng.h
Header: /home/calin/XOSP/out/target/product/hammerhead/obj/include/libloc_eng//loc_eng_xtra.h
Header: /home/calin/XOSP/out/target/product/hammerhead/obj/include/libloc_eng//loc_eng_ni.h
Header: /home/calin/XOSP/out/target/product/hammerhead/obj/include/libloc_eng//loc_eng_agps.h
Header: /home/calin/XOSP/out/target/product/hammerhead/obj/include/libloc_eng//loc_eng_msg.h
Header: /home/calin/XOSP/out/target/product/hammerhead/obj/include/libloc_eng//loc_eng_log.h
Header: /home/calin/XOSP/out/target/product/hammerhead/obj/include/mm-core/omxcore/OMX_Audio.h
Header: /home/calin/XOSP/out/target/product/hammerhead/obj/include/mm-core/omxcore/OMX_Component.h
Header: /home/calin/XOSP/out/target/product/hammerhead/obj/include/mm-core/omxcore/OMX_ContentPipe.h
Header: /home/calin/XOSP/out/target/product/hammerhead/obj/include/mm-core/omxcore/OMX_Core.h
Header: /home/calin/XOSP/out/target/product/hammerhead/obj/include/mm-core/omxcore/OMX_Image.h
Header: /home/calin/XOSP/out/target/product/hammerhead/obj/include/mm-core/omxcore/OMX_Index.h
Header: /home/calin/XOSP/out/target/product/hammerhead/obj/include/mm-core/omxcore/OMX_IVCommon.h
Header: /home/calin/XOSP/out/target/product/hammerhead/obj/include/mm-core/omxcore/OMX_Other.h
Header: /home/calin/XOSP/out/target/product/hammerhead/obj/include/mm-core/omxcore/OMX_QCOMExtns.h
Header: /home/calin/XOSP/out/target/product/hammerhead/obj/include/mm-core/omxcore/OMX_Types.h
Header: /home/calin/XOSP/out/target/product/hammerhead/obj/include/mm-core/omxcore/OMX_Video.h
Header: /home/calin/XOSP/out/target/product/hammerhead/obj/include/mm-core/omxcore/qc_omx_common.h
Header: /home/calin/XOSP/out/target/product/hammerhead/obj/include/mm-core/omxcore/qc_omx_component.h
Header: /home/calin/XOSP/out/target/product/hammerhead/obj/include/mm-core/omxcore/qc_omx_msg.h
Header: /home/calin/XOSP/out/target/product/hammerhead/obj/include/mm-core/omxcore/QOMX_AudioExtensions.h
Header: /home/calin/XOSP/out/target/product/hammerhead/obj/include/mm-core/omxcore/QOMX_AudioIndexExtensions.h
Header: /home/calin/XOSP/out/target/product/hammerhead/obj/include/mm-core/omxcore/OMX_CoreExt.h
Header: /home/calin/XOSP/out/target/product/hammerhead/obj/include/mm-core/omxcore/QOMX_CoreExtensions.h
Header: /home/calin/XOSP/out/target/product/hammerhead/obj/include/mm-core/omxcore/QOMX_FileFormatExtensions.h
Header: /home/calin/XOSP/out/target/product/hammerhead/obj/include/mm-core/omxcore/QOMX_IVCommonExtensions.h
Header: /home/calin/XOSP/out/target/product/hammerhead/obj/include/mm-core/omxcore/QOMX_SourceExtensions.h
Header: /home/calin/XOSP/out/target/product/hammerhead/obj/include/mm-core/omxcore/QOMX_VideoExtensions.h
Header: /home/calin/XOSP/out/target/product/hammerhead/obj/include/mm-core/omxcore/OMX_IndexExt.h
Header: /home/calin/XOSP/out/target/product/hammerhead/obj/include/mm-core/omxcore/OMX_VideoExt.h
Header: /home/calin/XOSP/out/target/product/hammerhead/obj/include/mm-core/omxcore/QOMX_StreamingExtensions.h
Header: /home/calin/XOSP/out/target/product/hammerhead/obj/include/mm-core/omxcore/QCMediaDefs.h
Header: /home/calin/XOSP/out/target/product/hammerhead/obj/include/mm-core/omxcore/QCMetaData.h
Header: /home/calin/XOSP/out/target/product/hammerhead/obj/include/mm-video-v4l2/DivxDrmDecrypt/DivXDrmDecrypt.h
Header: /home/calin/XOSP/out/target/product/hammerhead/obj/include/libril/ril_ex.h
Header: /home/calin/XOSP/out/target/product/hammerhead/obj/include/sdk/softap/include/qsap_api.h
Header: /home/calin/XOSP/out/target/product/hammerhead/obj/include/sdk/softap/include/qsap.h
Header: /home/calin/XOSP/out/target/product/hammerhead/obj/include/time-services/time_genoff.h
[36mImport includes file:[0m /home/calin/XOSP/out/host/linux-x86/obj/STATIC_LIBRARIES/libcompiler_rt-extras_intermediates/import_includes
[36mExport includes file:[0m external/libcxxabi/Android.mk -- /home/calin/XOSP/out/host/linux-x86/obj/STATIC_LIBRARIES/libc++abi_intermediates/export_includes
[36mExport includes file:[0m external/libcxx/Android.mk -- /home/calin/XOSP/out/host/linux-x86/obj/STATIC_LIBRARIES/libc++_static_intermediates/export_includes
[36mImport includes file:[0m /home/calin/XOSP/out/host/linux-x86/obj/STATIC_LIBRARIES/libc++abi_intermediates/import_includes
[36mImport includes file:[0m /home/calin/XOSP/out/host/linux-x86/obj/STATIC_LIBRARIES/libmincrypt_intermediates/import_includes
[36mExport includes file:[0m system/core/mkbootimg/Android.mk -- /home/calin/XOSP/out/host/linux-x86/obj/EXECUTABLES/mkbootimg_intermediates/export_includes
[36mExport includes file:[0m build/libs/host/Android.mk -- /home/calin/XOSP/out/host/linux-x86/obj/STATIC_LIBRARIES/libhost_intermediates/export_includes
[36mImport includes file:[0m /home/calin/XOSP/out/host/linux-x86/obj/STATIC_LIBRARIES/libhost_intermediates/import_includes
[36mExport includes file:[0m build/tools/acp/Android.mk -- /home/calin/XOSP/out/host/linux-x86/obj/EXECUTABLES/acp_intermediates/export_includes
[36mNotice file:[0m external/compiler-rt/NOTICE -- /home/calin/XOSP/out/host/linux-x86/obj/NOTICE_FILES/src//lib64/libcompiler_rt-extras.a.txt
[36mNotice file:[0m external/compiler-rt/NOTICE -- /home/calin/XOSP/out/host/linux-x86/obj/NOTICE_FILES/src//lib/libcompiler_rt-extras.a.txt
[36mNotice file:[0m system/core/libmincrypt/NOTICE -- /home/calin/XOSP/out/host/linux-x86/obj/NOTICE_FILES/src//lib64/libmincrypt.a.txt
[36mNotice file:[0m system/core/libmincrypt/NOTICE -- /home/calin/XOSP/out/host/linux-x86/obj/NOTICE_FILES/src//lib/libmincrypt.a.txt
[36mExport includes file:[0m system/core/libcutils/Android.mk -- /home/calin/XOSP/out/host/linux-x86/obj/SHARED_LIBRARIES/libcutils_intermediates/export_includes
[36mExport includes file:[0m system/core/liblog/Android.mk -- /home/calin/XOSP/out/host/linux-x86/obj/SHARED_LIBRARIES/liblog_intermediates/export_includes
build/core/tasks/kernel.mk:271: recipe for target '/home/calin/XOSP/out/target/product/hammerhead/obj/KERNEL_OBJ/.additional_config' failed

#### make failed to build some targets (02:41 (mm:ss)) ####

